[1.222s] Invoking command in '/home/tersoo/autonomous-robot-logging-with-ROS2-jazzy/ros2_ws/src/robot_logging': DEBUGINFOD_URLS=https://debuginfod.ubuntu.com PYTHONPATH=/home/tersoo/autonomous-robot-logging-with-ROS2-jazzy/ros2_ws/build/robot_logging/prefix_override:/usr/lib/python3/dist-packages/colcon_core/task/python/colcon_distutils_commands:/home/tersoo/autonomous-robot-logging-with-ROS2-jazzy/ros2_ws/install/robot_logging/lib/python3.12/site-packages:${PYTHONPATH} /usr/bin/python3 -W ignore:setup.py install is deprecated -W ignore:easy_install command is deprecated setup.py egg_info --egg-base ../../build/robot_logging build --build-base /home/tersoo/autonomous-robot-logging-with-ROS2-jazzy/ros2_ws/build/robot_logging/build install --record /home/tersoo/autonomous-robot-logging-with-ROS2-jazzy/ros2_ws/build/robot_logging/install.log --single-version-externally-managed install_data
[1.604s] running egg_info
[1.605s] creating ../../build/robot_logging/robot_logging.egg-info
[1.637s] writing ../../build/robot_logging/robot_logging.egg-info/PKG-INFO
[1.637s] writing dependency_links to ../../build/robot_logging/robot_logging.egg-info/dependency_links.txt
[1.637s] writing requirements to ../../build/robot_logging/robot_logging.egg-info/requires.txt
[1.638s] writing top-level names to ../../build/robot_logging/robot_logging.egg-info/top_level.txt
[1.638s] writing manifest file '../../build/robot_logging/robot_logging.egg-info/SOURCES.txt'
[1.699s] reading manifest file '../../build/robot_logging/robot_logging.egg-info/SOURCES.txt'
[1.700s] writing manifest file '../../build/robot_logging/robot_logging.egg-info/SOURCES.txt'
[1.700s] running build
[1.700s] running build_py
[1.700s] creating /home/tersoo/autonomous-robot-logging-with-ROS2-jazzy/ros2_ws/build/robot_logging/build
[1.701s] creating /home/tersoo/autonomous-robot-logging-with-ROS2-jazzy/ros2_ws/build/robot_logging/build/lib
[1.701s] creating /home/tersoo/autonomous-robot-logging-with-ROS2-jazzy/ros2_ws/build/robot_logging/build/lib/robot_logging
[1.701s] copying robot_logging/__init__.py -> /home/tersoo/autonomous-robot-logging-with-ROS2-jazzy/ros2_ws/build/robot_logging/build/lib/robot_logging
[1.701s] running install
[1.711s] running install_lib
[1.747s] creating /home/tersoo/autonomous-robot-logging-with-ROS2-jazzy/ros2_ws/install/robot_logging/lib/python3.12/site-packages/robot_logging
[1.747s] copying /home/tersoo/autonomous-robot-logging-with-ROS2-jazzy/ros2_ws/build/robot_logging/build/lib/robot_logging/__init__.py -> /home/tersoo/autonomous-robot-logging-with-ROS2-jazzy/ros2_ws/install/robot_logging/lib/python3.12/site-packages/robot_logging
[1.748s] byte-compiling /home/tersoo/autonomous-robot-logging-with-ROS2-jazzy/ros2_ws/install/robot_logging/lib/python3.12/site-packages/robot_logging/__init__.py to __init__.cpython-312.pyc
[1.748s] running install_data
[1.749s] creating /home/tersoo/autonomous-robot-logging-with-ROS2-jazzy/ros2_ws/install/robot_logging/share/ament_index
[1.749s] creating /home/tersoo/autonomous-robot-logging-with-ROS2-jazzy/ros2_ws/install/robot_logging/share/ament_index/resource_index
[1.749s] creating /home/tersoo/autonomous-robot-logging-with-ROS2-jazzy/ros2_ws/install/robot_logging/share/ament_index/resource_index/packages
[1.749s] copying resource/robot_logging -> /home/tersoo/autonomous-robot-logging-with-ROS2-jazzy/ros2_ws/install/robot_logging/share/ament_index/resource_index/packages
[1.749s] copying package.xml -> /home/tersoo/autonomous-robot-logging-with-ROS2-jazzy/ros2_ws/install/robot_logging/share/robot_logging
[1.749s] running install_egg_info
[1.788s] Copying ../../build/robot_logging/robot_logging.egg-info to /home/tersoo/autonomous-robot-logging-with-ROS2-jazzy/ros2_ws/install/robot_logging/lib/python3.12/site-packages/robot_logging-0.0.0-py3.12.egg-info
[1.789s] running install_scripts
[2.036s] writing list of installed files to '/home/tersoo/autonomous-robot-logging-with-ROS2-jazzy/ros2_ws/build/robot_logging/install.log'
[2.088s] Invoked command in '/home/tersoo/autonomous-robot-logging-with-ROS2-jazzy/ros2_ws/src/robot_logging' returned '0': DEBUGINFOD_URLS=https://debuginfod.ubuntu.com PYTHONPATH=/home/tersoo/autonomous-robot-logging-with-ROS2-jazzy/ros2_ws/build/robot_logging/prefix_override:/usr/lib/python3/dist-packages/colcon_core/task/python/colcon_distutils_commands:/home/tersoo/autonomous-robot-logging-with-ROS2-jazzy/ros2_ws/install/robot_logging/lib/python3.12/site-packages:${PYTHONPATH} /usr/bin/python3 -W ignore:setup.py install is deprecated -W ignore:easy_install command is deprecated setup.py egg_info --egg-base ../../build/robot_logging build --build-base /home/tersoo/autonomous-robot-logging-with-ROS2-jazzy/ros2_ws/build/robot_logging/build install --record /home/tersoo/autonomous-robot-logging-with-ROS2-jazzy/ros2_ws/build/robot_logging/install.log --single-version-externally-managed install_data
